<?xml version="1.0" encoding="UTF-8"?>
<testng-results ignored="0" total="1" passed="1" failed="0" skipped="0">
  <reporter-output>
  </reporter-output>
  <suite started-at="2026-07-16T15:47:41 IST" name="Default suite" finished-at="2026-07-16T15:48:38 IST" duration-ms="57867">
    <groups>
    </groups>
    <test started-at="2026-07-16T15:47:41 IST" name="Default test" finished-at="2026-07-16T15:48:38 IST" duration-ms="57867">
      <class name="com.SeleniumWebDriver.AlertsDemo.JavaScriptAlerts">
        <test-method signature="TestPopup()[pri:0, instance:com.SeleniumWebDriver.AlertsDemo.JavaScriptAlerts@2a4fb17b]" started-at="2026-07-16T15:47:41 IST" name="TestPopup" finished-at="2026-07-16T15:48:38 IST" duration-ms="57819" status="PASS">
          <reporter-output>
          </reporter-output>
        </test-method> <!-- TestPopup -->
      </class> <!-- com.SeleniumWebDriver.AlertsDemo.JavaScriptAlerts -->
    </test> <!-- Default test -->
  </suite> <!-- Default suite -->
</testng-results>
