<?xml version="1.0" encoding="UTF-8"?>
<!-- Generated by org.testng.reporters.JUnitXMLReporter -->
<testsuite ignored="0" hostname="BINIT" failures="0" tests="3" name="Default test" time="50.507" errors="0" timestamp="2026-07-27T12:16:52 IST">
  <testcase classname="com.POSTRequest.demo.PostRequest" name="TestPostRequestComplete" time="24.828"/>
  <testcase classname="com.POSTRequest.demo.PostRequest" name="testBDDApproach" time="2.11"/>
  <testcase classname="com.POSTRequest.demo.PostRequest" name="testBDDApproachWithExtraction" time="23.108"/>
</testsuite> <!-- Default test -->
