<?xml version="1.0" encoding="UTF-8"?>
<!-- Generated by org.testng.reporters.JUnitXMLReporter -->
<testsuite ignored="0" hostname="BINIT" failures="0" tests="3" name="Default test" time="46.002" errors="0" timestamp="2026-07-14T16:20:22 IST">
  <testcase classname="WebDriver.Commands.BrowserCommands" name="ChromeBrowserTesting" time="21.914"/>
  <testcase classname="WebDriver.Commands.BrowserCommands" name="EdgeBrowserTest" time="4.695"/>
  <testcase classname="WebDriver.Commands.BrowserCommands" name="FirefoxBrowserTest" time="19.331"/>
</testsuite> <!-- Default test -->
