<?xml version="1.0" encoding="UTF-8"?>
<!-- Generated by org.testng.reporters.JUnitReportReporter -->
<testsuite hostname="BINIT" failures="0" tests="3" name="WebDriver.NavigationCommand.BrowserNavigationTest" time="55.807" errors="0" timestamp="2026-07-15T12:00:34 IST" skipped="0">
  <testcase classname="WebDriver.NavigationCommand.BrowserNavigationTest" name="navigationTest" time="16.650"/>
  <testcase classname="WebDriver.NavigationCommand.BrowserNavigationTest" name="navigationTest" time="18.022"/>
  <testcase classname="WebDriver.NavigationCommand.BrowserNavigationTest" name="navigationTest" time="21.135"/>
</testsuite> <!-- WebDriver.NavigationCommand.BrowserNavigationTest -->
