<?xml version="1.0" encoding="UTF-8"?>
<!-- Generated by org.testng.reporters.JUnitReportReporter -->
<testsuite hostname="BINIT" failures="0" tests="2" name="WebDriver.NavigationCommand.NavigationBackDemo" time="22.877" errors="0" timestamp="2026-07-15T10:29:04 IST" skipped="0">
  <testcase classname="WebDriver.NavigationCommand.NavigationBackDemo" name="FirefoxTestNavigationBack" time="11.331"/>
  <testcase classname="WebDriver.NavigationCommand.NavigationBackDemo" name="EdgeTestNavigationBack" time="11.546"/>
</testsuite> <!-- WebDriver.NavigationCommand.NavigationBackDemo -->
