<?xml version="1.0" encoding="UTF-8"?>
<!-- Generated by org.testng.reporters.JUnitReportReporter -->
<testsuite hostname="BINIT" failures="0" tests="3" name="WebDriver.Commands.BrowserCommands" time="45.940" errors="0" timestamp="2026-07-14T16:20:22 IST" skipped="0">
  <testcase classname="WebDriver.Commands.BrowserCommands" name="EdgeBrowserTest" time="4.695"/>
  <testcase classname="WebDriver.Commands.BrowserCommands" name="FirefoxBrowserTest" time="19.331"/>
  <testcase classname="WebDriver.Commands.BrowserCommands" name="ChromeBrowserTesting" time="21.914"/>
</testsuite> <!-- WebDriver.Commands.BrowserCommands -->
