<?xml version="1.0" encoding="UTF-8"?>
<testng-results ignored="0" total="3" passed="3" failed="0" skipped="0">
  <reporter-output>
  </reporter-output>
  <suite started-at="2026-07-27T12:16:02 IST" name="Default suite" finished-at="2026-07-27T12:16:52 IST" duration-ms="50507">
    <groups>
    </groups>
    <test started-at="2026-07-27T12:16:02 IST" name="Default test" finished-at="2026-07-27T12:16:52 IST" duration-ms="50507">
      <class name="com.POSTRequest.demo.PostRequest">
        <test-method is-config="true" signature="setup()[pri:0, instance:com.POSTRequest.demo.PostRequest@40005471]" started-at="2026-07-27T12:16:02 IST" name="setup" finished-at="2026-07-27T12:16:02 IST" duration-ms="413" status="PASS">
          <reporter-output>
          </reporter-output>
        </test-method> <!-- setup -->
        <test-method signature="TestPostRequestComplete()[pri:1, instance:com.POSTRequest.demo.PostRequest@40005471]" started-at="2026-07-27T12:16:02 IST" name="TestPostRequestComplete" finished-at="2026-07-27T12:16:27 IST" duration-ms="24828" status="PASS">
          <reporter-output>
          </reporter-output>
        </test-method> <!-- TestPostRequestComplete -->
        <test-method signature="testBDDApproach()[pri:2, instance:com.POSTRequest.demo.PostRequest@40005471]" started-at="2026-07-27T12:16:27 IST" name="testBDDApproach" finished-at="2026-07-27T12:16:29 IST" duration-ms="2110" status="PASS">
          <reporter-output>
          </reporter-output>
        </test-method> <!-- testBDDApproach -->
        <test-method signature="testBDDApproachWithExtraction()[pri:3, instance:com.POSTRequest.demo.PostRequest@40005471]" started-at="2026-07-27T12:16:29 IST" name="testBDDApproachWithExtraction" finished-at="2026-07-27T12:16:52 IST" duration-ms="23108" status="PASS">
          <reporter-output>
          </reporter-output>
        </test-method> <!-- testBDDApproachWithExtraction -->
      </class> <!-- com.POSTRequest.demo.PostRequest -->
    </test> <!-- Default test -->
  </suite> <!-- Default suite -->
</testng-results>
