<?xml version="1.0" encoding="UTF-8"?>
<!-- Generated by org.testng.reporters.JUnitReportReporter -->
<testsuite hostname="BINIT" failures="0" tests="3" name="com.POSTRequest.demo.PostRequest" time="50.046" errors="0" timestamp="2026-07-27T12:16:53 IST" skipped="0">
  <testcase classname="com.POSTRequest.demo.PostRequest" name="TestPostRequestComplete" time="24.828"/>
  <testcase classname="com.POSTRequest.demo.PostRequest" name="testBDDApproach" time="2.110"/>
  <testcase classname="com.POSTRequest.demo.PostRequest" name="testBDDApproachWithExtraction" time="23.108"/>
</testsuite> <!-- com.POSTRequest.demo.PostRequest -->
