<?xml version="1.0" encoding="UTF-8"?>
<testng-results ignored="0" total="1" passed="1" failed="0" skipped="0">
  <reporter-output>
  </reporter-output>
  <suite started-at="2026-07-29T09:54:42 IST" name="Default suite" finished-at="2026-07-29T09:55:35 IST" duration-ms="52324">
    <groups>
    </groups>
    <test started-at="2026-07-29T09:54:42 IST" name="Default test" finished-at="2026-07-29T09:55:35 IST" duration-ms="52324">
      <class name="com.Framework.TestCase.LoveCalculatorTest">
        <test-method is-config="true" signature="setup()[pri:0, instance:com.Framework.TestCase.LoveCalculatorTest@33f676f6]" started-at="2026-07-29T09:54:42 IST" name="setup" finished-at="2026-07-29T09:54:55 IST" duration-ms="12547" status="PASS">
          <reporter-output>
          </reporter-output>
        </test-method> <!-- setup -->
        <test-method signature="verifyLoveCalculator()[pri:0, instance:com.Framework.TestCase.LoveCalculatorTest@33f676f6]" started-at="2026-07-29T09:54:55 IST" name="verifyLoveCalculator" finished-at="2026-07-29T09:55:24 IST" duration-ms="29344" status="PASS">
          <reporter-output>
          </reporter-output>
        </test-method> <!-- verifyLoveCalculator -->
        <test-method is-config="true" signature="tearDown()[pri:0, instance:com.Framework.TestCase.LoveCalculatorTest@33f676f6]" started-at="2026-07-29T09:55:24 IST" name="tearDown" finished-at="2026-07-29T09:55:35 IST" duration-ms="10279" status="PASS">
          <reporter-output>
          </reporter-output>
        </test-method> <!-- tearDown -->
      </class> <!-- com.Framework.TestCase.LoveCalculatorTest -->
    </test> <!-- Default test -->
  </suite> <!-- Default suite -->
</testng-results>
