<?xml version="1.0" encoding="UTF-8"?>
<testng-results ignored="0" total="3" passed="3" failed="0" skipped="0">
  <reporter-output>
  </reporter-output>
  <suite started-at="2026-07-14T16:19:36 IST" name="Default suite" finished-at="2026-07-14T16:20:22 IST" duration-ms="46002">
    <groups>
    </groups>
    <test started-at="2026-07-14T16:19:36 IST" name="Default test" finished-at="2026-07-14T16:20:22 IST" duration-ms="46002">
      <class name="WebDriver.Commands.BrowserCommands">
        <test-method signature="ChromeBrowserTesting()[pri:0, instance:WebDriver.Commands.BrowserCommands@7b2bbc3]" started-at="2026-07-14T16:19:36 IST" name="ChromeBrowserTesting" finished-at="2026-07-14T16:19:58 IST" duration-ms="21914" status="PASS">
          <reporter-output>
          </reporter-output>
        </test-method> <!-- ChromeBrowserTesting -->
        <test-method signature="EdgeBrowserTest()[pri:0, instance:WebDriver.Commands.BrowserCommands@7b2bbc3]" started-at="2026-07-14T16:19:58 IST" name="EdgeBrowserTest" finished-at="2026-07-14T16:20:03 IST" duration-ms="4695" status="PASS">
          <reporter-output>
          </reporter-output>
        </test-method> <!-- EdgeBrowserTest -->
        <test-method signature="FirefoxBrowserTest()[pri:0, instance:WebDriver.Commands.BrowserCommands@7b2bbc3]" started-at="2026-07-14T16:20:03 IST" name="FirefoxBrowserTest" finished-at="2026-07-14T16:20:22 IST" duration-ms="19331" status="PASS">
          <reporter-output>
          </reporter-output>
        </test-method> <!-- FirefoxBrowserTest -->
      </class> <!-- WebDriver.Commands.BrowserCommands -->
    </test> <!-- Default test -->
  </suite> <!-- Default suite -->
</testng-results>
