<?xml version="1.0" encoding="UTF-8"?>
<testng-results ignored="0" total="3" passed="3" failed="0" skipped="0">
  <reporter-output>
  </reporter-output>
  <suite started-at="2026-07-15T11:59:38 IST" name="Browser Suite" finished-at="2026-07-15T12:00:33 IST" duration-ms="55918">
    <groups>
    </groups>
    <test started-at="2026-07-15T11:59:38 IST" name="Chrome Test" finished-at="2026-07-15T11:59:56 IST" duration-ms="18058">
      <class name="WebDriver.NavigationCommand.BrowserNavigationTest">
        <test-method is-config="true" signature="setup(java.lang.String)[pri:0, instance:WebDriver.NavigationCommand.BrowserNavigationTest@4218d6a3]" started-at="2026-07-15T11:59:38 IST" name="setup" finished-at="2026-07-15T11:59:39 IST" duration-ms="1617" status="PASS">
          <params>
            <param index="0">
              <value>
                <![CDATA[chrome]]>
              </value>
            </param>
          </params>
          <reporter-output>
          </reporter-output>
        </test-method> <!-- setup -->
        <test-method signature="navigationTest()[pri:0, instance:WebDriver.NavigationCommand.BrowserNavigationTest@4218d6a3]" started-at="2026-07-15T11:59:39 IST" name="navigationTest" finished-at="2026-07-15T11:59:55 IST" duration-ms="16167" status="PASS">
          <reporter-output>
          </reporter-output>
        </test-method> <!-- navigationTest -->
        <test-method is-config="true" signature="tearDown()[pri:0, instance:WebDriver.NavigationCommand.BrowserNavigationTest@4218d6a3]" started-at="2026-07-15T11:59:55 IST" name="tearDown" finished-at="2026-07-15T11:59:56 IST" duration-ms="238" status="PASS">
          <reporter-output>
          </reporter-output>
        </test-method> <!-- tearDown -->
      </class> <!-- WebDriver.NavigationCommand.BrowserNavigationTest -->
    </test> <!-- Chrome Test -->
    <test started-at="2026-07-15T11:59:56 IST" name="Firefox Test" finished-at="2026-07-15T12:00:17 IST" duration-ms="21143">
      <class name="WebDriver.NavigationCommand.BrowserNavigationTest">
        <test-method is-config="true" signature="setup(java.lang.String)[pri:0, instance:WebDriver.NavigationCommand.BrowserNavigationTest@2aceadd4]" started-at="2026-07-15T11:59:56 IST" name="setup" finished-at="2026-07-15T11:59:59 IST" duration-ms="3195" status="PASS">
          <params>
            <param index="0">
              <value>
                <![CDATA[firefox]]>
              </value>
            </param>
          </params>
          <reporter-output>
          </reporter-output>
        </test-method> <!-- setup -->
        <test-method signature="navigationTest()[pri:0, instance:WebDriver.NavigationCommand.BrowserNavigationTest@2aceadd4]" started-at="2026-07-15T11:59:59 IST" name="navigationTest" finished-at="2026-07-15T12:00:16 IST" duration-ms="17109" status="PASS">
          <reporter-output>
          </reporter-output>
        </test-method> <!-- navigationTest -->
        <test-method is-config="true" signature="tearDown()[pri:0, instance:WebDriver.NavigationCommand.BrowserNavigationTest@2aceadd4]" started-at="2026-07-15T12:00:16 IST" name="tearDown" finished-at="2026-07-15T12:00:17 IST" duration-ms="831" status="PASS">
          <reporter-output>
          </reporter-output>
        </test-method> <!-- tearDown -->
      </class> <!-- WebDriver.NavigationCommand.BrowserNavigationTest -->
    </test> <!-- Firefox Test -->
    <test started-at="2026-07-15T12:00:17 IST" name="Edge Test" finished-at="2026-07-15T12:00:33 IST" duration-ms="16657">
      <class name="WebDriver.NavigationCommand.BrowserNavigationTest">
        <test-method is-config="true" signature="setup(java.lang.String)[pri:0, instance:WebDriver.NavigationCommand.BrowserNavigationTest@3a52dba3]" started-at="2026-07-15T12:00:17 IST" name="setup" finished-at="2026-07-15T12:00:18 IST" duration-ms="1368" status="PASS">
          <params>
            <param index="0">
              <value>
                <![CDATA[edge]]>
              </value>
            </param>
          </params>
          <reporter-output>
          </reporter-output>
        </test-method> <!-- setup -->
        <test-method signature="navigationTest()[pri:0, instance:WebDriver.NavigationCommand.BrowserNavigationTest@3a52dba3]" started-at="2026-07-15T12:00:18 IST" name="navigationTest" finished-at="2026-07-15T12:00:33 IST" duration-ms="14906" status="PASS">
          <reporter-output>
          </reporter-output>
        </test-method> <!-- navigationTest -->
        <test-method is-config="true" signature="tearDown()[pri:0, instance:WebDriver.NavigationCommand.BrowserNavigationTest@3a52dba3]" started-at="2026-07-15T12:00:33 IST" name="tearDown" finished-at="2026-07-15T12:00:33 IST" duration-ms="376" status="PASS">
          <reporter-output>
          </reporter-output>
        </test-method> <!-- tearDown -->
      </class> <!-- WebDriver.NavigationCommand.BrowserNavigationTest -->
    </test> <!-- Edge Test -->
  </suite> <!-- Browser Suite -->
</testng-results>
